<?xml version="1.0" encoding="UTF-8"?>
<testng-results ignored="0" total="3" passed="3" failed="0" skipped="0">
  <reporter-output>
  </reporter-output>
  <suite started-at="2025-06-26T17:41:00 IST" name="BankingAppSuite" finished-at="2025-06-26T17:41:31 IST" duration-ms="30979">
    <groups>
    </groups>
    <test started-at="2025-06-26T17:41:00 IST" name="FundTransferTest" finished-at="2025-06-26T17:41:31 IST" duration-ms="30979">
      <class name="testCases.DataDrivenLoginTest">
        <test-method is-config="true" signature="setup()[pri:0, instance:testCases.DataDrivenLoginTest@6cb107fd]" started-at="2025-06-26T17:41:02 IST" name="setup" finished-at="2025-06-26T17:41:12 IST" duration-ms="9851" status="PASS">
          <reporter-output>
          </reporter-output>
        </test-method> <!-- setup -->
        <test-method signature="verifyLogin(java.lang.String,java.lang.String)[pri:0, instance:testCases.DataDrivenLoginTest@6cb107fd]" started-at="2025-06-26T17:41:12 IST" name="verifyLogin" data-provider="loginData" finished-at="2025-06-26T17:41:14 IST" duration-ms="2153" status="PASS">
          <params>
            <param index="0">
              <value>
                <![CDATA[john]]>
              </value>
            </param>
            <param index="1">
              <value>
                <![CDATA[demo]]>
              </value>
            </param>
          </params>
          <reporter-output>
          </reporter-output>
        </test-method> <!-- verifyLogin -->
        <test-method is-config="true" signature="tearDown(org.testng.ITestResult)[pri:0, instance:testCases.DataDrivenLoginTest@6cb107fd]" started-at="2025-06-26T17:41:14 IST" name="tearDown" finished-at="2025-06-26T17:41:15 IST" duration-ms="801" status="PASS">
          <params>
            <param index="0">
              <value>
                <![CDATA[[TestResult name=verifyLogin status=SUCCESS method=DataDrivenLoginTest.verifyLogin(java.lang.String,java.lang.String)[pri:0, instance:testCases.DataDrivenLoginTest@6cb107fd] output={null}]]]>
              </value>
            </param>
          </params>
          <reporter-output>
          </reporter-output>
        </test-method> <!-- tearDown -->
        <test-method is-config="true" signature="setup()[pri:0, instance:testCases.DataDrivenLoginTest@6cb107fd]" started-at="2025-06-26T17:41:15 IST" name="setup" finished-at="2025-06-26T17:41:18 IST" duration-ms="3155" status="PASS">
          <reporter-output>
          </reporter-output>
        </test-method> <!-- setup -->
        <test-method signature="verifyLogin(java.lang.String,java.lang.String)[pri:0, instance:testCases.DataDrivenLoginTest@6cb107fd]" started-at="2025-06-26T17:41:18 IST" name="verifyLogin" data-provider="loginData" finished-at="2025-06-26T17:41:23 IST" duration-ms="5300" status="PASS">
          <params>
            <param index="0">
              <value>
                <![CDATA[invalid]]>
              </value>
            </param>
            <param index="1">
              <value>
                <![CDATA[wrongpass]]>
              </value>
            </param>
          </params>
          <reporter-output>
          </reporter-output>
        </test-method> <!-- verifyLogin -->
        <test-method is-config="true" signature="tearDown(org.testng.ITestResult)[pri:0, instance:testCases.DataDrivenLoginTest@6cb107fd]" started-at="2025-06-26T17:41:23 IST" name="tearDown" finished-at="2025-06-26T17:41:24 IST" duration-ms="324" status="PASS">
          <params>
            <param index="0">
              <value>
                <![CDATA[[TestResult name=verifyLogin status=SUCCESS method=DataDrivenLoginTest.verifyLogin(java.lang.String,java.lang.String)[pri:0, instance:testCases.DataDrivenLoginTest@6cb107fd] output={null}]]]>
              </value>
            </param>
          </params>
          <reporter-output>
          </reporter-output>
        </test-method> <!-- tearDown -->
        <test-method is-config="true" signature="setup()[pri:0, instance:testCases.DataDrivenLoginTest@6cb107fd]" started-at="2025-06-26T17:41:24 IST" name="setup" finished-at="2025-06-26T17:41:29 IST" duration-ms="5355" status="PASS">
          <reporter-output>
          </reporter-output>
        </test-method> <!-- setup -->
        <test-method signature="verifyLogin(java.lang.String,java.lang.String)[pri:0, instance:testCases.DataDrivenLoginTest@6cb107fd]" started-at="2025-06-26T17:41:29 IST" name="verifyLogin" data-provider="loginData" finished-at="2025-06-26T17:41:31 IST" duration-ms="1835" status="PASS">
          <params>
            <param index="0">
              <value>
                <![CDATA[]]>
              </value>
            </param>
            <param index="1">
              <value>
                <![CDATA[demo]]>
              </value>
            </param>
          </params>
          <reporter-output>
          </reporter-output>
        </test-method> <!-- verifyLogin -->
        <test-method is-config="true" signature="tearDown(org.testng.ITestResult)[pri:0, instance:testCases.DataDrivenLoginTest@6cb107fd]" started-at="2025-06-26T17:41:31 IST" name="tearDown" finished-at="2025-06-26T17:41:31 IST" duration-ms="404" status="PASS">
          <params>
            <param index="0">
              <value>
                <![CDATA[[TestResult name=verifyLogin status=SUCCESS method=DataDrivenLoginTest.verifyLogin(java.lang.String,java.lang.String)[pri:0, instance:testCases.DataDrivenLoginTest@6cb107fd] output={null}]]]>
              </value>
            </param>
          </params>
          <reporter-output>
          </reporter-output>
        </test-method> <!-- tearDown -->
      </class> <!-- testCases.DataDrivenLoginTest -->
    </test> <!-- FundTransferTest -->
  </suite> <!-- BankingAppSuite -->
</testng-results>
