<?xml version="1.0" encoding="UTF-8"?>
<!-- Generated by org.testng.reporters.JUnitXMLReporter -->
<testsuite ignored="0" hostname="DESKTOP-R3EO13O" failures="0" tests="3" name="FundTransferTest" time="30.979" errors="0" timestamp="2025-06-26T17:41:31 IST">
  <testcase classname="testCases.DataDrivenLoginTest" name="verifyLogin" time="2.153"/>
  <testcase classname="testCases.DataDrivenLoginTest" name="verifyLogin" time="5.3"/>
  <testcase classname="testCases.DataDrivenLoginTest" name="verifyLogin" time="1.835"/>
</testsuite> <!-- FundTransferTest -->
